mode: set
github.com/nnrmps/blue-vending-machine/be/internal/app/service/checkout.go:25.157,31.2 1 1
github.com/nnrmps/blue-vending-machine/be/internal/app/service/checkout.go:33.100,44.2 9 1
github.com/nnrmps/blue-vending-machine/be/internal/app/service/checkout.go:46.141,49.16 2 1
github.com/nnrmps/blue-vending-machine/be/internal/app/service/checkout.go:49.16,51.3 1 1
github.com/nnrmps/blue-vending-machine/be/internal/app/service/checkout.go:53.2,53.30 1 1
github.com/nnrmps/blue-vending-machine/be/internal/app/service/checkout.go:53.30,55.3 1 0
github.com/nnrmps/blue-vending-machine/be/internal/app/service/checkout.go:57.2,58.40 2 1
github.com/nnrmps/blue-vending-machine/be/internal/app/service/checkout.go:58.40,60.3 1 0
github.com/nnrmps/blue-vending-machine/be/internal/app/service/checkout.go:62.2,63.16 2 1
github.com/nnrmps/blue-vending-machine/be/internal/app/service/checkout.go:63.16,65.3 1 1
github.com/nnrmps/blue-vending-machine/be/internal/app/service/checkout.go:67.2,83.22 5 1
github.com/nnrmps/blue-vending-machine/be/internal/app/service/checkout.go:83.22,84.26 1 1
github.com/nnrmps/blue-vending-machine/be/internal/app/service/checkout.go:84.26,86.4 1 0
github.com/nnrmps/blue-vending-machine/be/internal/app/service/checkout.go:87.3,87.71 1 1
github.com/nnrmps/blue-vending-machine/be/internal/app/service/checkout.go:87.71,91.12 4 1
github.com/nnrmps/blue-vending-machine/be/internal/app/service/checkout.go:93.3,93.6 1 1
github.com/nnrmps/blue-vending-machine/be/internal/app/service/checkout.go:96.2,110.16 4 1
github.com/nnrmps/blue-vending-machine/be/internal/app/service/checkout.go:110.16,113.3 2 1
github.com/nnrmps/blue-vending-machine/be/internal/app/service/checkout.go:115.2,116.16 2 1
github.com/nnrmps/blue-vending-machine/be/internal/app/service/checkout.go:116.16,119.3 2 1
github.com/nnrmps/blue-vending-machine/be/internal/app/service/checkout.go:121.2,135.20 3 1
github.com/nnrmps/blue-vending-machine/be/internal/app/service/health.go:10.39,12.2 1 1
github.com/nnrmps/blue-vending-machine/be/internal/app/service/health.go:14.45,16.2 1 1
github.com/nnrmps/blue-vending-machine/be/internal/app/service/product.go:24.100,29.2 1 1
github.com/nnrmps/blue-vending-machine/be/internal/app/service/product.go:31.111,33.16 2 1
github.com/nnrmps/blue-vending-machine/be/internal/app/service/product.go:33.16,35.3 1 1
github.com/nnrmps/blue-vending-machine/be/internal/app/service/product.go:36.2,44.20 2 1
github.com/nnrmps/blue-vending-machine/be/internal/app/service/product.go:47.95,49.16 2 1
github.com/nnrmps/blue-vending-machine/be/internal/app/service/product.go:49.16,51.3 1 1
github.com/nnrmps/blue-vending-machine/be/internal/app/service/product.go:53.2,55.28 2 1
github.com/nnrmps/blue-vending-machine/be/internal/app/service/product.go:55.28,62.3 1 1
github.com/nnrmps/blue-vending-machine/be/internal/app/service/product.go:64.2,64.20 1 1
github.com/nnrmps/blue-vending-machine/be/internal/app/service/product.go:67.151,78.2 3 1
github.com/nnrmps/blue-vending-machine/be/internal/app/service/product.go:80.125,91.2 3 1
github.com/nnrmps/blue-vending-machine/be/internal/app/service/product.go:93.88,97.2 2 1
github.com/nnrmps/blue-vending-machine/be/internal/app/service/reserved_money.go:20.123,25.2 1 1
github.com/nnrmps/blue-vending-machine/be/internal/app/service/reserved_money.go:27.95,42.2 3 1
github.com/nnrmps/blue-vending-machine/be/internal/app/service/reserved_money.go:44.109,48.2 2 1
github.com/nnrmps/blue-vending-machine/be/internal/app/service/user.go:21.88,26.2 1 1
github.com/nnrmps/blue-vending-machine/be/internal/app/service/user.go:28.99,30.16 2 1
github.com/nnrmps/blue-vending-machine/be/internal/app/service/user.go:30.16,32.3 1 1
github.com/nnrmps/blue-vending-machine/be/internal/app/service/user.go:34.2,41.16 3 1
github.com/nnrmps/blue-vending-machine/be/internal/app/service/user.go:41.16,43.3 1 0
github.com/nnrmps/blue-vending-machine/be/internal/app/service/user.go:45.2,45.25 1 1
